<?xml version="1.0" encoding="UTF-8"?>
<!-- Generated by org.testng.reporters.JUnitReportReporter -->
<testsuite hostname="LAPTOP-VKAG1RPA" failures="0" tests="2" name="Academy.ValidateTitle" time="0.183" errors="0" timestamp="2020-10-13T18:07:50 IST" skipped="0">
  <testcase classname="Academy.ValidateTitle" name="getHeader" time="0.155"/>
  <system-out/>
  <testcase classname="Academy.ValidateTitle" name="getTitle" time="0.028"/>
  <system-out/>
</testsuite> <!-- Academy.ValidateTitle -->
