<?xml version="1.0" encoding="UTF-8"?>
<!-- Generated by org.testng.reporters.JUnitReportReporter -->
<testsuite hostname="LAPTOP-VKAG1RPA" failures="0" tests="2" name="Academy.HomePageNavigation" time="16.443" errors="0" timestamp="2020-10-13T17:38:05 IST" skipped="0">
  <testcase classname="Academy.HomePageNavigation" name="basePageNavigation" time="12.994"/>
  <system-out/>
  <testcase classname="Academy.HomePageNavigation" name="basePageNavigation" time="3.449"/>
  <system-out/>
</testsuite> <!-- Academy.HomePageNavigation -->
